<?xml version="1.0" encoding="UTF-8"?>
<!-- Generated by org.testng.reporters.JUnitXMLReporter -->
<testsuite ignored="0" hostname="unnati-HP-ProBook-650-G1" failures="0" tests="30" name="Default test" time="41.79" errors="0" timestamp="2023-09-19T15:13:56 IST">
  <testcase classname="api.test.Datadriventesting" name="TestPostUser" time="4.064"/>
  <testcase classname="api.test.Datadriventesting" name="TestPostUser" time="1.181"/>
  <testcase classname="api.test.Datadriventesting" name="TestPostUser" time="1.15"/>
  <testcase classname="api.test.Datadriventesting" name="TestPostUser" time="1.292"/>
  <testcase classname="api.test.Datadriventesting" name="TestPostUser" time="1.284"/>
  <testcase classname="api.test.Datadriventesting" name="TestPostUser" time="1.147"/>
  <testcase classname="api.test.Datadriventesting" name="TestPostUser" time="1.104"/>
  <testcase classname="api.test.Datadriventesting" name="TestPostUser" time="1.149"/>
  <testcase classname="api.test.Datadriventesting" name="TestPostUser" time="1.205"/>
  <testcase classname="api.test.Datadriventesting" name="TestPostUser" time="1.079"/>
  <testcase classname="api.test.Datadriventesting" name="TestPostUser" time="1.102"/>
  <testcase classname="api.test.Datadriventesting" name="TestPostUser" time="1.154"/>
  <testcase classname="api.test.Datadriventesting" name="TestPostUser" time="1.084"/>
  <testcase classname="api.test.Datadriventesting" name="TestPostUser" time="1.125"/>
  <testcase classname="api.test.Datadriventesting" name="TestPostUser" time="1.15"/>
  <testcase classname="api.test.Datadriventesting" name="deleteuserbyusername" time="1.225"/>
  <testcase classname="api.test.Datadriventesting" name="deleteuserbyusername" time="1.124"/>
  <testcase classname="api.test.Datadriventesting" name="deleteuserbyusername" time="1.075"/>
  <testcase classname="api.test.Datadriventesting" name="deleteuserbyusername" time="1.116"/>
  <testcase classname="api.test.Datadriventesting" name="deleteuserbyusername" time="1.095"/>
  <testcase classname="api.test.Datadriventesting" name="deleteuserbyusername" time="1.117"/>
  <testcase classname="api.test.Datadriventesting" name="deleteuserbyusername" time="1.111"/>
  <testcase classname="api.test.Datadriventesting" name="deleteuserbyusername" time="1.095"/>
  <testcase classname="api.test.Datadriventesting" name="deleteuserbyusername" time="1.175"/>
  <testcase classname="api.test.Datadriventesting" name="deleteuserbyusername" time="1.1"/>
  <testcase classname="api.test.Datadriventesting" name="deleteuserbyusername" time="1.094"/>
  <testcase classname="api.test.Datadriventesting" name="deleteuserbyusername" time="1.89"/>
  <testcase classname="api.test.Datadriventesting" name="deleteuserbyusername" time="1.144"/>
  <testcase classname="api.test.Datadriventesting" name="deleteuserbyusername" time="1.116"/>
  <testcase classname="api.test.Datadriventesting" name="deleteuserbyusername" time="1.142"/>
</testsuite> <!-- Default test -->
