<?xml version="1.0" encoding="UTF-8"?>
<!-- Generated by org.testng.reporters.JUnitXMLReporter -->
<testsuite ignored="0" hostname="unnati-HP-ProBook-650-G1" failures="0" tests="30" name="Default test" time="37.202" errors="0" timestamp="2023-08-16T16:00:00 IST">
  <testcase classname="api.test.Datadriventesting" name="TestPostUser" time="3.561"/>
  <testcase classname="api.test.Datadriventesting" name="TestPostUser" time="0.948"/>
  <testcase classname="api.test.Datadriventesting" name="TestPostUser" time="0.917"/>
  <testcase classname="api.test.Datadriventesting" name="TestPostUser" time="0.975"/>
  <testcase classname="api.test.Datadriventesting" name="TestPostUser" time="0.9"/>
  <testcase classname="api.test.Datadriventesting" name="TestPostUser" time="0.89"/>
  <testcase classname="api.test.Datadriventesting" name="TestPostUser" time="0.884"/>
  <testcase classname="api.test.Datadriventesting" name="TestPostUser" time="0.863"/>
  <testcase classname="api.test.Datadriventesting" name="TestPostUser" time="0.876"/>
  <testcase classname="api.test.Datadriventesting" name="TestPostUser" time="1.062"/>
  <testcase classname="api.test.Datadriventesting" name="TestPostUser" time="0.871"/>
  <testcase classname="api.test.Datadriventesting" name="TestPostUser" time="0.854"/>
  <testcase classname="api.test.Datadriventesting" name="TestPostUser" time="0.951"/>
  <testcase classname="api.test.Datadriventesting" name="TestPostUser" time="0.841"/>
  <testcase classname="api.test.Datadriventesting" name="TestPostUser" time="0.877"/>
  <testcase classname="api.test.Datadriventesting" name="deleteuserbyusername" time="0.984"/>
  <testcase classname="api.test.Datadriventesting" name="deleteuserbyusername" time="0.85"/>
  <testcase classname="api.test.Datadriventesting" name="deleteuserbyusername" time="0.875"/>
  <testcase classname="api.test.Datadriventesting" name="deleteuserbyusername" time="0.854"/>
  <testcase classname="api.test.Datadriventesting" name="deleteuserbyusername" time="0.881"/>
  <testcase classname="api.test.Datadriventesting" name="deleteuserbyusername" time="0.899"/>
  <testcase classname="api.test.Datadriventesting" name="deleteuserbyusername" time="0.916"/>
  <testcase classname="api.test.Datadriventesting" name="deleteuserbyusername" time="0.912"/>
  <testcase classname="api.test.Datadriventesting" name="deleteuserbyusername" time="0.924"/>
  <testcase classname="api.test.Datadriventesting" name="deleteuserbyusername" time="0.95"/>
  <testcase classname="api.test.Datadriventesting" name="deleteuserbyusername" time="0.866"/>
  <testcase classname="api.test.Datadriventesting" name="deleteuserbyusername" time="0.932"/>
  <testcase classname="api.test.Datadriventesting" name="deleteuserbyusername" time="3.288"/>
  <testcase classname="api.test.Datadriventesting" name="deleteuserbyusername" time="0.939"/>
  <testcase classname="api.test.Datadriventesting" name="deleteuserbyusername" time="0.963"/>
</testsuite> <!-- Default test -->
