<?xml version="1.0" encoding="UTF-8"?>
<testsuite xmlns:xsi="http://www.w3.org/2001/XMLSchema-instance" xsi:noNamespaceSchemaLocation="https://maven.apache.org/surefire/maven-surefire-plugin/xsd/surefire-test-report-3.0.xsd" version="3.0" name="TestSuite" time="9.142" tests="4" errors="0" skipped="0" failures="0">
  <properties>
[...]
</properties>
  <testcase name="TestPostUser" classname="api.test.Usertest2" time="3.522">
    <system-out><![CDATA[HTTP/1.1 200 OK
Date: Tue, 22 Aug 2023 05:43:22 GMT
Content-Type: application/json
Transfer-Encoding: chunked
Connection: keep-alive
Access-Control-Allow-Origin: *
Access-Control-Allow-Methods: GET, POST, DELETE, PUT
Access-Control-Allow-Headers: Content-Type, api_key, Authorization
Server: Jetty(9.2.9.v20150224)

{
    "code": 200,
    "type": "unknown",
    "message": "1330247343"
}
]]></system-out>
    <system-err><![CDATA[SLF4J: Failed to load class "org.slf4j.impl.StaticLoggerBinder".
SLF4J: Defaulting to no-operation (NOP) logger implementation
SLF4J: See http://www.slf4j.org/codes.html#StaticLoggerBinder for further details.
]]></system-err>
  </testcase>
  <testcase name="TestGetUser" classname="api.test.Usertest2" time="0.97">
    <system-out><![CDATA[HTTP/1.1 200 OK
Date: Tue, 22 Aug 2023 05:43:23 GMT
Content-Type: application/json
Transfer-Encoding: chunked
Connection: keep-alive
Access-Control-Allow-Origin: *
Access-Control-Allow-Methods: GET, POST, DELETE, PUT
Access-Control-Allow-Headers: Content-Type, api_key, Authorization
Server: Jetty(9.2.9.v20150224)

{
    "id": 1330247343,
    "username": "leo.kunde",
    "firstName": "Lindy",
    "lastName": "Bailey",
    "email": "nancey.konopelski@yahoo.com",
    "password": "39qm47j6fmwdxow",
    "phone": "482.593.7436",
    "userStatus": 0
}
]]></system-out>
  </testcase>
  <testcase name="TestUpdateUser" classname="api.test.Usertest2" time="1.899">
    <system-out><![CDATA[HTTP/1.1 200 OK
Date: Tue, 22 Aug 2023 05:43:24 GMT
Content-Type: application/json
Transfer-Encoding: chunked
Connection: keep-alive
Access-Control-Allow-Origin: *
Access-Control-Allow-Methods: GET, POST, DELETE, PUT
Access-Control-Allow-Headers: Content-Type, api_key, Authorization
Server: Jetty(9.2.9.v20150224)

{
    "code": 200,
    "type": "unknown",
    "message": "1330247343"
}
]]></system-out>
  </testcase>
  <testcase name="TestDeleteUser" classname="api.test.Usertest2" time="0.89"/>
</testsuite>