<?xml version="1.0" encoding="UTF-8"?>
<testng-results ignored="0" total="4" passed="4" failed="0" skipped="0">
  <reporter-output>
  </reporter-output>
  <suite started-at="2023-08-29T15:06:38 IST" name="PetSuite" finished-at="2023-08-29T15:06:47 IST" duration-ms="9584">
    <groups>
    </groups>
    <test started-at="2023-08-29T15:06:38 IST" name="PetTest" finished-at="2023-08-29T15:06:47 IST" duration-ms="9584">
      <class name="api.test.Usertest2">
        <test-method is-config="true" signature="usersetdata()[pri:0, instance:api.test.Usertest2@14555e0a]" started-at="2023-08-29T15:06:38 IST" name="usersetdata" finished-at="2023-08-29T15:06:39 IST" duration-ms="764" status="PASS">
          <reporter-output>
          </reporter-output>
        </test-method> <!-- usersetdata -->
        <test-method signature="TestPostUser()[pri:1, instance:api.test.Usertest2@14555e0a]" started-at="2023-08-29T15:06:39 IST" name="TestPostUser" finished-at="2023-08-29T15:06:43 IST" duration-ms="3835" status="PASS">
          <reporter-output>
          </reporter-output>
        </test-method> <!-- TestPostUser -->
        <test-method signature="TestGetUser()[pri:2, instance:api.test.Usertest2@14555e0a]" started-at="2023-08-29T15:06:43 IST" name="TestGetUser" finished-at="2023-08-29T15:06:44 IST" duration-ms="1166" status="PASS">
          <reporter-output>
          </reporter-output>
        </test-method> <!-- TestGetUser -->
        <test-method signature="TestUpdateUser()[pri:3, instance:api.test.Usertest2@14555e0a]" started-at="2023-08-29T15:06:44 IST" name="TestUpdateUser" finished-at="2023-08-29T15:06:46 IST" duration-ms="2314" status="PASS">
          <reporter-output>
          </reporter-output>
        </test-method> <!-- TestUpdateUser -->
        <test-method signature="TestDeleteUser()[pri:4, instance:api.test.Usertest2@14555e0a]" started-at="2023-08-29T15:06:46 IST" name="TestDeleteUser" finished-at="2023-08-29T15:06:47 IST" duration-ms="1164" status="PASS">
          <reporter-output>
          </reporter-output>
        </test-method> <!-- TestDeleteUser -->
      </class> <!-- api.test.Usertest2 -->
    </test> <!-- PetTest -->
  </suite> <!-- PetSuite -->
</testng-results>
