<?xml version="1.0" encoding="UTF-8"?>
<testng-results ignored="0" total="4" passed="4" failed="0" skipped="0">
  <reporter-output>
  </reporter-output>
  <suite started-at="2023-08-22T11:13:18 IST" name="PetSuite" finished-at="2023-08-22T11:13:26 IST" duration-ms="8293">
    <groups>
    </groups>
    <test started-at="2023-08-22T11:13:18 IST" name="PetTest" finished-at="2023-08-22T11:13:26 IST" duration-ms="8293">
      <class name="api.test.Usertest2">
        <test-method is-config="true" signature="usersetdata()[pri:0, instance:api.test.Usertest2@1f3f4916]" started-at="2023-08-22T11:13:18 IST" name="usersetdata" finished-at="2023-08-22T11:13:19 IST" duration-ms="726" status="PASS">
          <reporter-output>
          </reporter-output>
        </test-method> <!-- usersetdata -->
        <test-method signature="TestPostUser()[pri:1, instance:api.test.Usertest2@1f3f4916]" started-at="2023-08-22T11:13:19 IST" name="TestPostUser" finished-at="2023-08-22T11:13:22 IST" duration-ms="3504" status="PASS">
          <reporter-output>
          </reporter-output>
        </test-method> <!-- TestPostUser -->
        <test-method signature="TestGetUser()[pri:2, instance:api.test.Usertest2@1f3f4916]" started-at="2023-08-22T11:13:22 IST" name="TestGetUser" finished-at="2023-08-22T11:13:23 IST" duration-ms="966" status="PASS">
          <reporter-output>
          </reporter-output>
        </test-method> <!-- TestGetUser -->
        <test-method signature="TestUpdateUser()[pri:3, instance:api.test.Usertest2@1f3f4916]" started-at="2023-08-22T11:13:23 IST" name="TestUpdateUser" finished-at="2023-08-22T11:13:25 IST" duration-ms="1911" status="PASS">
          <reporter-output>
          </reporter-output>
        </test-method> <!-- TestUpdateUser -->
        <test-method signature="TestDeleteUser()[pri:4, instance:api.test.Usertest2@1f3f4916]" started-at="2023-08-22T11:13:25 IST" name="TestDeleteUser" finished-at="2023-08-22T11:13:26 IST" duration-ms="888" status="PASS">
          <reporter-output>
          </reporter-output>
        </test-method> <!-- TestDeleteUser -->
      </class> <!-- api.test.Usertest2 -->
    </test> <!-- PetTest -->
  </suite> <!-- PetSuite -->
</testng-results>
