<?xml version="1.0" encoding="UTF-8"?>
<testng-results ignored="0" total="4" passed="4" failed="0" skipped="0">
  <reporter-output>
  </reporter-output>
  <suite started-at="2023-08-21T14:52:42 IST" name="PetSuite" finished-at="2023-08-21T14:52:50 IST" duration-ms="7948">
    <groups>
    </groups>
    <test started-at="2023-08-21T14:52:42 IST" name="PetTest" finished-at="2023-08-21T14:52:50 IST" duration-ms="7948">
      <class name="api.test.Usertest2">
        <test-method is-config="true" signature="usersetdata()[pri:0, instance:api.test.Usertest2@51c668e3]" started-at="2023-08-21T14:52:42 IST" name="usersetdata" finished-at="2023-08-21T14:52:43 IST" duration-ms="650" status="PASS">
          <reporter-output>
          </reporter-output>
        </test-method> <!-- usersetdata -->
        <test-method signature="TestPostUser()[pri:1, instance:api.test.Usertest2@51c668e3]" started-at="2023-08-21T14:52:43 IST" name="TestPostUser" finished-at="2023-08-21T14:52:46 IST" duration-ms="2743" status="PASS">
          <reporter-output>
          </reporter-output>
        </test-method> <!-- TestPostUser -->
        <test-method signature="TestGetUser()[pri:2, instance:api.test.Usertest2@51c668e3]" started-at="2023-08-21T14:52:46 IST" name="TestGetUser" finished-at="2023-08-21T14:52:47 IST" duration-ms="1050" status="PASS">
          <reporter-output>
          </reporter-output>
        </test-method> <!-- TestGetUser -->
        <test-method signature="TestUpdateUser()[pri:3, instance:api.test.Usertest2@51c668e3]" started-at="2023-08-21T14:52:47 IST" name="TestUpdateUser" finished-at="2023-08-21T14:52:49 IST" duration-ms="2042" status="PASS">
          <reporter-output>
          </reporter-output>
        </test-method> <!-- TestUpdateUser -->
        <test-method signature="TestDeleteUser()[pri:4, instance:api.test.Usertest2@51c668e3]" started-at="2023-08-21T14:52:49 IST" name="TestDeleteUser" finished-at="2023-08-21T14:52:50 IST" duration-ms="1062" status="PASS">
          <reporter-output>
          </reporter-output>
        </test-method> <!-- TestDeleteUser -->
      </class> <!-- api.test.Usertest2 -->
    </test> <!-- PetTest -->
  </suite> <!-- PetSuite -->
</testng-results>
