<?xml version="1.0" encoding="UTF-8"?>
<testng-results ignored="0" total="30" passed="30" failed="0" skipped="0">
  <reporter-output>
  </reporter-output>
  <suite started-at="2023-09-19T15:13:14 IST" name="Default suite" finished-at="2023-09-19T15:13:56 IST" duration-ms="41790">
    <groups>
    </groups>
    <test started-at="2023-09-19T15:13:14 IST" name="Default test" finished-at="2023-09-19T15:13:56 IST" duration-ms="41790">
      <class name="api.test.Datadriventesting">
        <test-method signature="TestPostUser(java.lang.String,java.lang.String,java.lang.String,java.lang.String,java.lang.String,java.lang.String,java.lang.String)[pri:1, instance:api.test.Datadriventesting@1b11171f]" started-at="2023-09-19T15:13:17 IST" name="TestPostUser" data-provider="data" finished-at="2023-09-19T15:13:21 IST" duration-ms="4064" status="PASS">
          <params>
            <param index="0">
              <value>
                <![CDATA[1011]]>
              </value>
            </param>
            <param index="1">
              <value>
                <![CDATA[Testuser1]]>
              </value>
            </param>
            <param index="2">
              <value>
                <![CDATA[Abby]]>
              </value>
            </param>
            <param index="3">
              <value>
                <![CDATA[Marvin]]>
              </value>
            </param>
            <param index="4">
              <value>
                <![CDATA[franz.marvin50@hotmail.com]]>
              </value>
            </param>
            <param index="5">
              <value>
                <![CDATA[abcd@12345]]>
              </value>
            </param>
            <param index="6">
              <value>
                <![CDATA[7699887279]]>
              </value>
            </param>
          </params>
          <reporter-output>
          </reporter-output>
        </test-method> <!-- TestPostUser -->
        <test-method signature="TestPostUser(java.lang.String,java.lang.String,java.lang.String,java.lang.String,java.lang.String,java.lang.String,java.lang.String)[pri:1, instance:api.test.Datadriventesting@1b11171f]" started-at="2023-09-19T15:13:21 IST" name="TestPostUser" data-provider="data" finished-at="2023-09-19T15:13:23 IST" duration-ms="1181" status="PASS">
          <params>
            <param index="0">
              <value>
                <![CDATA[1012]]>
              </value>
            </param>
            <param index="1">
              <value>
                <![CDATA[Testuser2]]>
              </value>
            </param>
            <param index="2">
              <value>
                <![CDATA[Marian]]>
              </value>
            </param>
            <param index="3">
              <value>
                <![CDATA[Pacocha]]>
              </value>
            </param>
            <param index="4">
              <value>
                <![CDATA[julius_pacocha1@gmail.com]]>
              </value>
            </param>
            <param index="5">
              <value>
                <![CDATA[abcd@12345]]>
              </value>
            </param>
            <param index="6">
              <value>
                <![CDATA[7630106430]]>
              </value>
            </param>
          </params>
          <reporter-output>
          </reporter-output>
        </test-method> <!-- TestPostUser -->
        <test-method signature="TestPostUser(java.lang.String,java.lang.String,java.lang.String,java.lang.String,java.lang.String,java.lang.String,java.lang.String)[pri:1, instance:api.test.Datadriventesting@1b11171f]" started-at="2023-09-19T15:13:23 IST" name="TestPostUser" data-provider="data" finished-at="2023-09-19T15:13:24 IST" duration-ms="1150" status="PASS">
          <params>
            <param index="0">
              <value>
                <![CDATA[1013]]>
              </value>
            </param>
            <param index="1">
              <value>
                <![CDATA[Testuser3]]>
              </value>
            </param>
            <param index="2">
              <value>
                <![CDATA[Lorine]]>
              </value>
            </param>
            <param index="3">
              <value>
                <![CDATA[Brekke]]>
              </value>
            </param>
            <param index="4">
              <value>
                <![CDATA[reginald.brekke@hotmail.com]]>
              </value>
            </param>
            <param index="5">
              <value>
                <![CDATA[abcd@12345]]>
              </value>
            </param>
            <param index="6">
              <value>
                <![CDATA[7116476912]]>
              </value>
            </param>
          </params>
          <reporter-output>
          </reporter-output>
        </test-method> <!-- TestPostUser -->
        <test-method signature="TestPostUser(java.lang.String,java.lang.String,java.lang.String,java.lang.String,java.lang.String,java.lang.String,java.lang.String)[pri:1, instance:api.test.Datadriventesting@1b11171f]" started-at="2023-09-19T15:13:24 IST" name="TestPostUser" data-provider="data" finished-at="2023-09-19T15:13:25 IST" duration-ms="1292" status="PASS">
          <params>
            <param index="0">
              <value>
                <![CDATA[1014]]>
              </value>
            </param>
            <param index="1">
              <value>
                <![CDATA[Testuser4]]>
              </value>
            </param>
            <param index="2">
              <value>
                <![CDATA[Eryn]]>
              </value>
            </param>
            <param index="3">
              <value>
                <![CDATA[Kshlerin]]>
              </value>
            </param>
            <param index="4">
              <value>
                <![CDATA[brennan.kshlerin95@yahoo.com]]>
              </value>
            </param>
            <param index="5">
              <value>
                <![CDATA[abcd@12345]]>
              </value>
            </param>
            <param index="6">
              <value>
                <![CDATA[7653063384]]>
              </value>
            </param>
          </params>
          <reporter-output>
          </reporter-output>
        </test-method> <!-- TestPostUser -->
        <test-method signature="TestPostUser(java.lang.String,java.lang.String,java.lang.String,java.lang.String,java.lang.String,java.lang.String,java.lang.String)[pri:1, instance:api.test.Datadriventesting@1b11171f]" started-at="2023-09-19T15:13:25 IST" name="TestPostUser" data-provider="data" finished-at="2023-09-19T15:13:26 IST" duration-ms="1284" status="PASS">
          <params>
            <param index="0">
              <value>
                <![CDATA[1015]]>
              </value>
            </param>
            <param index="1">
              <value>
                <![CDATA[Testuser5]]>
              </value>
            </param>
            <param index="2">
              <value>
                <![CDATA[Enrico]]>
              </value>
            </param>
            <param index="3">
              <value>
                <![CDATA[Schowalter]]>
              </value>
            </param>
            <param index="4">
              <value>
                <![CDATA[merl31@hotmail.com]]>
              </value>
            </param>
            <param index="5">
              <value>
                <![CDATA[abcd@12345]]>
              </value>
            </param>
            <param index="6">
              <value>
                <![CDATA[7652940617]]>
              </value>
            </param>
          </params>
          <reporter-output>
          </reporter-output>
        </test-method> <!-- TestPostUser -->
        <test-method signature="TestPostUser(java.lang.String,java.lang.String,java.lang.String,java.lang.String,java.lang.String,java.lang.String,java.lang.String)[pri:1, instance:api.test.Datadriventesting@1b11171f]" started-at="2023-09-19T15:13:26 IST" name="TestPostUser" data-provider="data" finished-at="2023-09-19T15:13:27 IST" duration-ms="1147" status="PASS">
          <params>
            <param index="0">
              <value>
                <![CDATA[1016]]>
              </value>
            </param>
            <param index="1">
              <value>
                <![CDATA[Testuser6]]>
              </value>
            </param>
            <param index="2">
              <value>
                <![CDATA[Adrien]]>
              </value>
            </param>
            <param index="3">
              <value>
                <![CDATA[Bashirian]]>
              </value>
            </param>
            <param index="4">
              <value>
                <![CDATA[cedrick16@gmail.com]]>
              </value>
            </param>
            <param index="5">
              <value>
                <![CDATA[abcd@12345]]>
              </value>
            </param>
            <param index="6">
              <value>
                <![CDATA[7742885303]]>
              </value>
            </param>
          </params>
          <reporter-output>
          </reporter-output>
        </test-method> <!-- TestPostUser -->
        <test-method signature="TestPostUser(java.lang.String,java.lang.String,java.lang.String,java.lang.String,java.lang.String,java.lang.String,java.lang.String)[pri:1, instance:api.test.Datadriventesting@1b11171f]" started-at="2023-09-19T15:13:27 IST" name="TestPostUser" data-provider="data" finished-at="2023-09-19T15:13:29 IST" duration-ms="1104" status="PASS">
          <params>
            <param index="0">
              <value>
                <![CDATA[1017]]>
              </value>
            </param>
            <param index="1">
              <value>
                <![CDATA[Testuser7]]>
              </value>
            </param>
            <param index="2">
              <value>
                <![CDATA[Chad]]>
              </value>
            </param>
            <param index="3">
              <value>
                <![CDATA[Volkman]]>
              </value>
            </param>
            <param index="4">
              <value>
                <![CDATA[heather_volkman4@yahoo.com]]>
              </value>
            </param>
            <param index="5">
              <value>
                <![CDATA[abcd@12345]]>
              </value>
            </param>
            <param index="6">
              <value>
                <![CDATA[7258506897]]>
              </value>
            </param>
          </params>
          <reporter-output>
          </reporter-output>
        </test-method> <!-- TestPostUser -->
        <test-method signature="TestPostUser(java.lang.String,java.lang.String,java.lang.String,java.lang.String,java.lang.String,java.lang.String,java.lang.String)[pri:1, instance:api.test.Datadriventesting@1b11171f]" started-at="2023-09-19T15:13:29 IST" name="TestPostUser" data-provider="data" finished-at="2023-09-19T15:13:30 IST" duration-ms="1149" status="PASS">
          <params>
            <param index="0">
              <value>
                <![CDATA[1018]]>
              </value>
            </param>
            <param index="1">
              <value>
                <![CDATA[Testuser8]]>
              </value>
            </param>
            <param index="2">
              <value>
                <![CDATA[Max]]>
              </value>
            </param>
            <param index="3">
              <value>
                <![CDATA[Glover]]>
              </value>
            </param>
            <param index="4">
              <value>
                <![CDATA[onie.glover@yahoo.com]]>
              </value>
            </param>
            <param index="5">
              <value>
                <![CDATA[abcd@12345]]>
              </value>
            </param>
            <param index="6">
              <value>
                <![CDATA[7534413979]]>
              </value>
            </param>
          </params>
          <reporter-output>
          </reporter-output>
        </test-method> <!-- TestPostUser -->
        <test-method signature="TestPostUser(java.lang.String,java.lang.String,java.lang.String,java.lang.String,java.lang.String,java.lang.String,java.lang.String)[pri:1, instance:api.test.Datadriventesting@1b11171f]" started-at="2023-09-19T15:13:30 IST" name="TestPostUser" data-provider="data" finished-at="2023-09-19T15:13:31 IST" duration-ms="1205" status="PASS">
          <params>
            <param index="0">
              <value>
                <![CDATA[1019]]>
              </value>
            </param>
            <param index="1">
              <value>
                <![CDATA[Testuser9]]>
              </value>
            </param>
            <param index="2">
              <value>
                <![CDATA[Donna]]>
              </value>
            </param>
            <param index="3">
              <value>
                <![CDATA[Johnson]]>
              </value>
            </param>
            <param index="4">
              <value>
                <![CDATA[vita_johnson@yahoo.com]]>
              </value>
            </param>
            <param index="5">
              <value>
                <![CDATA[abcd@12345]]>
              </value>
            </param>
            <param index="6">
              <value>
                <![CDATA[7266083004]]>
              </value>
            </param>
          </params>
          <reporter-output>
          </reporter-output>
        </test-method> <!-- TestPostUser -->
        <test-method signature="TestPostUser(java.lang.String,java.lang.String,java.lang.String,java.lang.String,java.lang.String,java.lang.String,java.lang.String)[pri:1, instance:api.test.Datadriventesting@1b11171f]" started-at="2023-09-19T15:13:31 IST" name="TestPostUser" data-provider="data" finished-at="2023-09-19T15:13:32 IST" duration-ms="1079" status="PASS">
          <params>
            <param index="0">
              <value>
                <![CDATA[1020]]>
              </value>
            </param>
            <param index="1">
              <value>
                <![CDATA[Testuser10]]>
              </value>
            </param>
            <param index="2">
              <value>
                <![CDATA[Rosario]]>
              </value>
            </param>
            <param index="3">
              <value>
                <![CDATA[Dibbert]]>
              </value>
            </param>
            <param index="4">
              <value>
                <![CDATA[adrain.dibbert19@gmail.com]]>
              </value>
            </param>
            <param index="5">
              <value>
                <![CDATA[abcd@12345]]>
              </value>
            </param>
            <param index="6">
              <value>
                <![CDATA[7616732819]]>
              </value>
            </param>
          </params>
          <reporter-output>
          </reporter-output>
        </test-method> <!-- TestPostUser -->
        <test-method signature="TestPostUser(java.lang.String,java.lang.String,java.lang.String,java.lang.String,java.lang.String,java.lang.String,java.lang.String)[pri:1, instance:api.test.Datadriventesting@1b11171f]" started-at="2023-09-19T15:13:32 IST" name="TestPostUser" data-provider="data" finished-at="2023-09-19T15:13:33 IST" duration-ms="1102" status="PASS">
          <params>
            <param index="0">
              <value>
                <![CDATA[1021]]>
              </value>
            </param>
            <param index="1">
              <value>
                <![CDATA[Testuser11]]>
              </value>
            </param>
            <param index="2">
              <value>
                <![CDATA[Laverna]]>
              </value>
            </param>
            <param index="3">
              <value>
                <![CDATA[Gislason]]>
              </value>
            </param>
            <param index="4">
              <value>
                <![CDATA[mylene_gislason91@hotmail.com]]>
              </value>
            </param>
            <param index="5">
              <value>
                <![CDATA[abcd@12345]]>
              </value>
            </param>
            <param index="6">
              <value>
                <![CDATA[7917199488]]>
              </value>
            </param>
          </params>
          <reporter-output>
          </reporter-output>
        </test-method> <!-- TestPostUser -->
        <test-method signature="TestPostUser(java.lang.String,java.lang.String,java.lang.String,java.lang.String,java.lang.String,java.lang.String,java.lang.String)[pri:1, instance:api.test.Datadriventesting@1b11171f]" started-at="2023-09-19T15:13:33 IST" name="TestPostUser" data-provider="data" finished-at="2023-09-19T15:13:34 IST" duration-ms="1154" status="PASS">
          <params>
            <param index="0">
              <value>
                <![CDATA[1022]]>
              </value>
            </param>
            <param index="1">
              <value>
                <![CDATA[Testuser12]]>
              </value>
            </param>
            <param index="2">
              <value>
                <![CDATA[Herta]]>
              </value>
            </param>
            <param index="3">
              <value>
                <![CDATA[VonRueden]]>
              </value>
            </param>
            <param index="4">
              <value>
                <![CDATA[blake39@gmail.com]]>
              </value>
            </param>
            <param index="5">
              <value>
                <![CDATA[abcd@12345]]>
              </value>
            </param>
            <param index="6">
              <value>
                <![CDATA[7713313488]]>
              </value>
            </param>
          </params>
          <reporter-output>
          </reporter-output>
        </test-method> <!-- TestPostUser -->
        <test-method signature="TestPostUser(java.lang.String,java.lang.String,java.lang.String,java.lang.String,java.lang.String,java.lang.String,java.lang.String)[pri:1, instance:api.test.Datadriventesting@1b11171f]" started-at="2023-09-19T15:13:34 IST" name="TestPostUser" data-provider="data" finished-at="2023-09-19T15:13:35 IST" duration-ms="1084" status="PASS">
          <params>
            <param index="0">
              <value>
                <![CDATA[1023]]>
              </value>
            </param>
            <param index="1">
              <value>
                <![CDATA[Testuser13]]>
              </value>
            </param>
            <param index="2">
              <value>
                <![CDATA[Tatum]]>
              </value>
            </param>
            <param index="3">
              <value>
                <![CDATA[Swift]]>
              </value>
            </param>
            <param index="4">
              <value>
                <![CDATA[antone14@yahoo.com]]>
              </value>
            </param>
            <param index="5">
              <value>
                <![CDATA[abcd@12345]]>
              </value>
            </param>
            <param index="6">
              <value>
                <![CDATA[7564734376]]>
              </value>
            </param>
          </params>
          <reporter-output>
          </reporter-output>
        </test-method> <!-- TestPostUser -->
        <test-method signature="TestPostUser(java.lang.String,java.lang.String,java.lang.String,java.lang.String,java.lang.String,java.lang.String,java.lang.String)[pri:1, instance:api.test.Datadriventesting@1b11171f]" started-at="2023-09-19T15:13:35 IST" name="TestPostUser" data-provider="data" finished-at="2023-09-19T15:13:36 IST" duration-ms="1125" status="PASS">
          <params>
            <param index="0">
              <value>
                <![CDATA[1024]]>
              </value>
            </param>
            <param index="1">
              <value>
                <![CDATA[Testuser14]]>
              </value>
            </param>
            <param index="2">
              <value>
                <![CDATA[John]]>
              </value>
            </param>
            <param index="3">
              <value>
                <![CDATA[Collier]]>
              </value>
            </param>
            <param index="4">
              <value>
                <![CDATA[tracy_collier80@hotmail.com]]>
              </value>
            </param>
            <param index="5">
              <value>
                <![CDATA[abcd@12345]]>
              </value>
            </param>
            <param index="6">
              <value>
                <![CDATA[7890179075]]>
              </value>
            </param>
          </params>
          <reporter-output>
          </reporter-output>
        </test-method> <!-- TestPostUser -->
        <test-method signature="TestPostUser(java.lang.String,java.lang.String,java.lang.String,java.lang.String,java.lang.String,java.lang.String,java.lang.String)[pri:1, instance:api.test.Datadriventesting@1b11171f]" started-at="2023-09-19T15:13:36 IST" name="TestPostUser" data-provider="data" finished-at="2023-09-19T15:13:38 IST" duration-ms="1150" status="PASS">
          <params>
            <param index="0">
              <value>
                <![CDATA[1025]]>
              </value>
            </param>
            <param index="1">
              <value>
                <![CDATA[Testuser15]]>
              </value>
            </param>
            <param index="2">
              <value>
                <![CDATA[Davonte]]>
              </value>
            </param>
            <param index="3">
              <value>
                <![CDATA[Hickle]]>
              </value>
            </param>
            <param index="4">
              <value>
                <![CDATA[alivia.hickle@hotmail.com]]>
              </value>
            </param>
            <param index="5">
              <value>
                <![CDATA[abcd@12345]]>
              </value>
            </param>
            <param index="6">
              <value>
                <![CDATA[7079520902]]>
              </value>
            </param>
          </params>
          <reporter-output>
          </reporter-output>
        </test-method> <!-- TestPostUser -->
        <test-method signature="deleteuserbyusername(java.lang.String)[pri:1, instance:api.test.Datadriventesting@1b11171f]" started-at="2023-09-19T15:13:38 IST" name="deleteuserbyusername" data-provider="Username" finished-at="2023-09-19T15:13:39 IST" duration-ms="1225" status="PASS">
          <params>
            <param index="0">
              <value>
                <![CDATA[Testuser1]]>
              </value>
            </param>
          </params>
          <reporter-output>
          </reporter-output>
        </test-method> <!-- deleteuserbyusername -->
        <test-method signature="deleteuserbyusername(java.lang.String)[pri:1, instance:api.test.Datadriventesting@1b11171f]" started-at="2023-09-19T15:13:39 IST" name="deleteuserbyusername" data-provider="Username" finished-at="2023-09-19T15:13:40 IST" duration-ms="1124" status="PASS">
          <params>
            <param index="0">
              <value>
                <![CDATA[Testuser2]]>
              </value>
            </param>
          </params>
          <reporter-output>
          </reporter-output>
        </test-method> <!-- deleteuserbyusername -->
        <test-method signature="deleteuserbyusername(java.lang.String)[pri:1, instance:api.test.Datadriventesting@1b11171f]" started-at="2023-09-19T15:13:40 IST" name="deleteuserbyusername" data-provider="Username" finished-at="2023-09-19T15:13:41 IST" duration-ms="1075" status="PASS">
          <params>
            <param index="0">
              <value>
                <![CDATA[Testuser3]]>
              </value>
            </param>
          </params>
          <reporter-output>
          </reporter-output>
        </test-method> <!-- deleteuserbyusername -->
        <test-method signature="deleteuserbyusername(java.lang.String)[pri:1, instance:api.test.Datadriventesting@1b11171f]" started-at="2023-09-19T15:13:41 IST" name="deleteuserbyusername" data-provider="Username" finished-at="2023-09-19T15:13:43 IST" duration-ms="1116" status="PASS">
          <params>
            <param index="0">
              <value>
                <![CDATA[Testuser4]]>
              </value>
            </param>
          </params>
          <reporter-output>
          </reporter-output>
        </test-method> <!-- deleteuserbyusername -->
        <test-method signature="deleteuserbyusername(java.lang.String)[pri:1, instance:api.test.Datadriventesting@1b11171f]" started-at="2023-09-19T15:13:43 IST" name="deleteuserbyusername" data-provider="Username" finished-at="2023-09-19T15:13:44 IST" duration-ms="1095" status="PASS">
          <params>
            <param index="0">
              <value>
                <![CDATA[Testuser5]]>
              </value>
            </param>
          </params>
          <reporter-output>
          </reporter-output>
        </test-method> <!-- deleteuserbyusername -->
        <test-method signature="deleteuserbyusername(java.lang.String)[pri:1, instance:api.test.Datadriventesting@1b11171f]" started-at="2023-09-19T15:13:44 IST" name="deleteuserbyusername" data-provider="Username" finished-at="2023-09-19T15:13:45 IST" duration-ms="1117" status="PASS">
          <params>
            <param index="0">
              <value>
                <![CDATA[Testuser6]]>
              </value>
            </param>
          </params>
          <reporter-output>
          </reporter-output>
        </test-method> <!-- deleteuserbyusername -->
        <test-method signature="deleteuserbyusername(java.lang.String)[pri:1, instance:api.test.Datadriventesting@1b11171f]" started-at="2023-09-19T15:13:45 IST" name="deleteuserbyusername" data-provider="Username" finished-at="2023-09-19T15:13:46 IST" duration-ms="1111" status="PASS">
          <params>
            <param index="0">
              <value>
                <![CDATA[Testuser7]]>
              </value>
            </param>
          </params>
          <reporter-output>
          </reporter-output>
        </test-method> <!-- deleteuserbyusername -->
        <test-method signature="deleteuserbyusername(java.lang.String)[pri:1, instance:api.test.Datadriventesting@1b11171f]" started-at="2023-09-19T15:13:46 IST" name="deleteuserbyusername" data-provider="Username" finished-at="2023-09-19T15:13:47 IST" duration-ms="1095" status="PASS">
          <params>
            <param index="0">
              <value>
                <![CDATA[Testuser8]]>
              </value>
            </param>
          </params>
          <reporter-output>
          </reporter-output>
        </test-method> <!-- deleteuserbyusername -->
        <test-method signature="deleteuserbyusername(java.lang.String)[pri:1, instance:api.test.Datadriventesting@1b11171f]" started-at="2023-09-19T15:13:47 IST" name="deleteuserbyusername" data-provider="Username" finished-at="2023-09-19T15:13:48 IST" duration-ms="1175" status="PASS">
          <params>
            <param index="0">
              <value>
                <![CDATA[Testuser9]]>
              </value>
            </param>
          </params>
          <reporter-output>
          </reporter-output>
        </test-method> <!-- deleteuserbyusername -->
        <test-method signature="deleteuserbyusername(java.lang.String)[pri:1, instance:api.test.Datadriventesting@1b11171f]" started-at="2023-09-19T15:13:48 IST" name="deleteuserbyusername" data-provider="Username" finished-at="2023-09-19T15:13:49 IST" duration-ms="1100" status="PASS">
          <params>
            <param index="0">
              <value>
                <![CDATA[Testuser10]]>
              </value>
            </param>
          </params>
          <reporter-output>
          </reporter-output>
        </test-method> <!-- deleteuserbyusername -->
        <test-method signature="deleteuserbyusername(java.lang.String)[pri:1, instance:api.test.Datadriventesting@1b11171f]" started-at="2023-09-19T15:13:49 IST" name="deleteuserbyusername" data-provider="Username" finished-at="2023-09-19T15:13:50 IST" duration-ms="1094" status="PASS">
          <params>
            <param index="0">
              <value>
                <![CDATA[Testuser11]]>
              </value>
            </param>
          </params>
          <reporter-output>
          </reporter-output>
        </test-method> <!-- deleteuserbyusername -->
        <test-method signature="deleteuserbyusername(java.lang.String)[pri:1, instance:api.test.Datadriventesting@1b11171f]" started-at="2023-09-19T15:13:50 IST" name="deleteuserbyusername" data-provider="Username" finished-at="2023-09-19T15:13:52 IST" duration-ms="1890" status="PASS">
          <params>
            <param index="0">
              <value>
                <![CDATA[Testuser12]]>
              </value>
            </param>
          </params>
          <reporter-output>
          </reporter-output>
        </test-method> <!-- deleteuserbyusername -->
        <test-method signature="deleteuserbyusername(java.lang.String)[pri:1, instance:api.test.Datadriventesting@1b11171f]" started-at="2023-09-19T15:13:52 IST" name="deleteuserbyusername" data-provider="Username" finished-at="2023-09-19T15:13:53 IST" duration-ms="1144" status="PASS">
          <params>
            <param index="0">
              <value>
                <![CDATA[Testuser13]]>
              </value>
            </param>
          </params>
          <reporter-output>
          </reporter-output>
        </test-method> <!-- deleteuserbyusername -->
        <test-method signature="deleteuserbyusername(java.lang.String)[pri:1, instance:api.test.Datadriventesting@1b11171f]" started-at="2023-09-19T15:13:53 IST" name="deleteuserbyusername" data-provider="Username" finished-at="2023-09-19T15:13:54 IST" duration-ms="1116" status="PASS">
          <params>
            <param index="0">
              <value>
                <![CDATA[Testuser14]]>
              </value>
            </param>
          </params>
          <reporter-output>
          </reporter-output>
        </test-method> <!-- deleteuserbyusername -->
        <test-method signature="deleteuserbyusername(java.lang.String)[pri:1, instance:api.test.Datadriventesting@1b11171f]" started-at="2023-09-19T15:13:54 IST" name="deleteuserbyusername" data-provider="Username" finished-at="2023-09-19T15:13:56 IST" duration-ms="1142" status="PASS">
          <params>
            <param index="0">
              <value>
                <![CDATA[Testuser15]]>
              </value>
            </param>
          </params>
          <reporter-output>
          </reporter-output>
        </test-method> <!-- deleteuserbyusername -->
      </class> <!-- api.test.Datadriventesting -->
    </test> <!-- Default test -->
  </suite> <!-- Default suite -->
</testng-results>
