<?xml version="1.0" encoding="UTF-8"?>
<!-- Generated by org.testng.reporters.JUnitXMLReporter -->
<testsuite ignored="0" hostname="unnati-HP-ProBook-650-G1" failures="0" tests="4" name="PetTest" time="9.543" errors="0" timestamp="2023-08-28T15:58:36 IST">
  <testcase classname="api.test.Usertest2" name="TestPostUser" time="3.578"/>
  <testcase classname="api.test.Usertest2" name="TestGetUser" time="1.182"/>
  <testcase classname="api.test.Usertest2" name="TestUpdateUser" time="2.412"/>
  <testcase classname="api.test.Usertest2" name="TestDeleteUser" time="1.138"/>
</testsuite> <!-- PetTest -->
